<?xml version="1.0" encoding="UTF-8"?>
<!-- Generated by org.testng.reporters.JUnitXMLReporter -->
<testsuite hostname="DESKTOP-1BCGUCT" ignored="2" name="Default test" tests="1" failures="0" timestamp="2021-05-07T08:47:56 IST" time="144.335" errors="0">
  <testcase name="verifyValidLogin" time="31.031" classname="com.j2store.UIAutomation.testcases.TC1_VerifyLoginPageDisplayed"/>
  <testcase name="verifyHomePage" time="0.0" classname="com.j2store.UIAutomation.testcases.TC1_VerifyLoginPageDisplayed">
    <ignored/>
  </testcase> <!-- verifyHomePage -->
  <testcase name="verifyLoginPage" time="0.0" classname="com.j2store.UIAutomation.testcases.TC1_VerifyLoginPageDisplayed">
    <ignored/>
  </testcase> <!-- verifyLoginPage -->
</testsuite> <!-- Default test -->
